[INFO] Scanning for projects...
[INFO] 
[INFO] ------------------------< com.devtiro:tickets >-------------------------
[INFO] Building tickets 0.0.1-SNAPSHOT
[INFO]   from pom.xml
[INFO] --------------------------------[ jar ]---------------------------------
[INFO] 
[INFO] >>> spring-boot:3.4.4:run (default-cli) > test-compile @ tickets >>>
[INFO] 
[INFO] --- resources:3.3.1:resources (default-resources) @ tickets ---
[INFO] Copying 1 resource from src\main\resources to target\classes
[INFO] Copying 1 resource from src\main\resources to target\classes
[INFO] 
[INFO] --- compiler:3.13.0:compile (default-compile) @ tickets ---
[INFO] Nothing to compile - all classes are up to date.
[INFO] 
[INFO] --- resources:3.3.1:testResources (default-testResources) @ tickets ---
[INFO] skip non existing resourceDirectory D:\University\devtiro-event-ticket-app\backend\src\test\resources
[INFO] 
[INFO] --- compiler:3.13.0:testCompile (default-testCompile) @ tickets ---
[INFO] Nothing to compile - all classes are up to date.
[INFO] 
[INFO] <<< spring-boot:3.4.4:run (default-cli) < test-compile @ tickets <<<
[INFO] 
[INFO] 
[INFO] --- spring-boot:3.4.4:run (default-cli) @ tickets ---
[INFO] Attaching agents: []

  .   ____          _            __ _ _
 /\\ / ___'_ __ _ _(_)_ __  __ _ \ \ \ \
( ( )\___ | '_ | '_| | '_ \/ _` | \ \ \ \
 \\/  ___)| |_)| | | | | || (_| |  ) ) ) )
  '  |____| .__|_| |_|_| |_\__, | / / / /
 =========|_|==============|___/=/_/_/_/

 :: Spring Boot ::                (v3.4.4)

2026-02-22T03:02:02.677+06:00  INFO 4888 --- [tickets] [           main] com.devtiro.tickets.TicketsApplication   : Starting TicketsApplication using Java 17.0.12 with PID 4888 (D:\University\devtiro-event-ticket-app\backend\target\classes started by JESS LAPTOP GALLERY in D:\University\devtiro-event-ticket-app\backend)
2026-02-22T03:02:02.680+06:00  INFO 4888 --- [tickets] [           main] com.devtiro.tickets.TicketsApplication   : No active profile set, falling back to 1 default profile: "default"
2026-02-22T03:02:03.862+06:00  INFO 4888 --- [tickets] [           main] .s.d.r.c.RepositoryConfigurationDelegate : Bootstrapping Spring Data JPA repositories in DEFAULT mode.
2026-02-22T03:02:04.015+06:00  INFO 4888 --- [tickets] [           main] .s.d.r.c.RepositoryConfigurationDelegate : Finished Spring Data repository scanning in 143 ms. Found 6 JPA repository interfaces.
2026-02-22T03:02:04.876+06:00  INFO 4888 --- [tickets] [           main] o.s.b.w.embedded.tomcat.TomcatWebServer  : Tomcat initialized with port 8080 (http)
2026-02-22T03:02:04.889+06:00  INFO 4888 --- [tickets] [           main] o.apache.catalina.core.StandardService   : Starting service [Tomcat]
2026-02-22T03:02:04.890+06:00  INFO 4888 --- [tickets] [           main] o.apache.catalina.core.StandardEngine    : Starting Servlet engine: [Apache Tomcat/10.1.39]
2026-02-22T03:02:04.955+06:00  INFO 4888 --- [tickets] [           main] o.a.c.c.C.[Tomcat].[localhost].[/]       : Initializing Spring embedded WebApplicationContext
2026-02-22T03:02:04.956+06:00  INFO 4888 --- [tickets] [           main] w.s.c.ServletWebServerApplicationContext : Root WebApplicationContext: initialization completed in 2230 ms
2026-02-22T03:02:05.088+06:00  INFO 4888 --- [tickets] [           main] o.hibernate.jpa.internal.util.LogHelper  : HHH000204: Processing PersistenceUnitInfo [name: default]
2026-02-22T03:02:05.133+06:00  INFO 4888 --- [tickets] [           main] org.hibernate.Version                    : HHH000412: Hibernate ORM core version 6.6.11.Final
2026-02-22T03:02:05.167+06:00  INFO 4888 --- [tickets] [           main] o.h.c.internal.RegionFactoryInitiator    : HHH000026: Second-level cache disabled
2026-02-22T03:02:05.845+06:00  INFO 4888 --- [tickets] [           main] o.s.o.j.p.SpringPersistenceUnitInfo      : No LoadTimeWeaver setup: ignoring JPA class transformer
2026-02-22T03:02:05.871+06:00  INFO 4888 --- [tickets] [           main] com.zaxxer.hikari.HikariDataSource       : HikariPool-1 - Starting...
2026-02-22T03:02:06.039+06:00  INFO 4888 --- [tickets] [           main] com.zaxxer.hikari.pool.HikariPool        : HikariPool-1 - Added connection org.postgresql.jdbc.PgConnection@2b80497f
2026-02-22T03:02:06.042+06:00  INFO 4888 --- [tickets] [           main] com.zaxxer.hikari.HikariDataSource       : HikariPool-1 - Start completed.
2026-02-22T03:02:06.078+06:00  WARN 4888 --- [tickets] [           main] org.hibernate.orm.deprecation            : HHH90000025: PostgreSQLDialect does not need to be specified explicitly using 'hibernate.dialect' (remove the property setting and it will be selected by default)
2026-02-22T03:02:06.099+06:00  INFO 4888 --- [tickets] [           main] org.hibernate.orm.connections.pooling    : HHH10001005: Database info:
	Database JDBC URL [Connecting through datasource 'HikariDataSource (HikariPool-1)']
	Database driver: undefined/unknown
	Database version: 17.7
	Autocommit mode: undefined/unknown
	Isolation level: undefined/unknown
	Minimum pool size: undefined/unknown
	Maximum pool size: undefined/unknown
2026-02-22T03:02:07.251+06:00  INFO 4888 --- [tickets] [           main] o.h.e.t.j.p.i.JtaPlatformInitiator       : HHH000489: No JTA platform available (set 'hibernate.transaction.jta.platform' to enable JTA platform integration)
2026-02-22T03:02:07.887+06:00  INFO 4888 --- [tickets] [           main] j.LocalContainerEntityManagerFactoryBean : Initialized JPA EntityManagerFactory for persistence unit 'default'
2026-02-22T03:02:08.246+06:00  INFO 4888 --- [tickets] [           main] o.s.d.j.r.query.QueryEnhancerFactory     : Hibernate is in classpath; If applicable, HQL parser will be used.
2026-02-22T03:02:09.086+06:00  WARN 4888 --- [tickets] [           main] JpaBaseConfiguration$JpaWebConfiguration : spring.jpa.open-in-view is enabled by default. Therefore, database queries may be performed during view rendering. Explicitly configure spring.jpa.open-in-view to disable this warning
2026-02-22T03:02:10.060+06:00  INFO 4888 --- [tickets] [           main] o.s.b.w.embedded.tomcat.TomcatWebServer  : Tomcat started on port 8080 (http) with context path '/'
2026-02-22T03:02:10.071+06:00  INFO 4888 --- [tickets] [           main] com.devtiro.tickets.TicketsApplication   : Started TicketsApplication in 7.872 seconds (process running for 8.238)
