[INFO] Scanning for projects...
[INFO] 
[INFO] ------------------------< com.devtiro:tickets >-------------------------
[INFO] Building tickets 0.0.1-SNAPSHOT
[INFO]   from pom.xml
[INFO] --------------------------------[ jar ]---------------------------------
[INFO] 
[INFO] >>> spring-boot:3.4.4:run (default-cli) > test-compile @ tickets >>>
[INFO] 
[INFO] --- resources:3.3.1:resources (default-resources) @ tickets ---
[INFO] Copying 1 resource from src\main\resources to target\classes
[INFO] Copying 1 resource from src\main\resources to target\classes
[INFO] 
[INFO] --- compiler:3.13.0:compile (default-compile) @ tickets ---
[INFO] Nothing to compile - all classes are up to date.
[INFO] 
[INFO] --- resources:3.3.1:testResources (default-testResources) @ tickets ---
[INFO] skip non existing resourceDirectory D:\University\devtiro-event-ticket-app\backend\src\test\resources
[INFO] 
[INFO] --- compiler:3.13.0:testCompile (default-testCompile) @ tickets ---
[INFO] Nothing to compile - all classes are up to date.
[INFO] 
[INFO] <<< spring-boot:3.4.4:run (default-cli) < test-compile @ tickets <<<
[INFO] 
[INFO] 
[INFO] --- spring-boot:3.4.4:run (default-cli) @ tickets ---
[INFO] Attaching agents: []

  .   ____          _            __ _ _
 /\\ / ___'_ __ _ _(_)_ __  __ _ \ \ \ \
( ( )\___ | '_ | '_| | '_ \/ _` | \ \ \ \
 \\/  ___)| |_)| | | | | || (_| |  ) ) ) )
  '  |____| .__|_| |_|_| |_\__, | / / / /
 =========|_|==============|___/=/_/_/_/

 :: Spring Boot ::                (v3.4.4)

2026-02-22T02:44:39.542+06:00  INFO 2764 --- [tickets] [           main] com.devtiro.tickets.TicketsApplication   : Starting TicketsApplication using Java 17.0.12 with PID 2764 (D:\University\devtiro-event-ticket-app\backend\target\classes started by JESS LAPTOP GALLERY in D:\University\devtiro-event-ticket-app\backend)
2026-02-22T02:44:39.545+06:00  INFO 2764 --- [tickets] [           main] com.devtiro.tickets.TicketsApplication   : No active profile set, falling back to 1 default profile: "default"
2026-02-22T02:44:40.352+06:00  INFO 2764 --- [tickets] [           main] .s.d.r.c.RepositoryConfigurationDelegate : Bootstrapping Spring Data JPA repositories in DEFAULT mode.
2026-02-22T02:44:40.496+06:00  INFO 2764 --- [tickets] [           main] .s.d.r.c.RepositoryConfigurationDelegate : Finished Spring Data repository scanning in 134 ms. Found 6 JPA repository interfaces.
2026-02-22T02:44:41.278+06:00  INFO 2764 --- [tickets] [           main] o.s.b.w.embedded.tomcat.TomcatWebServer  : Tomcat initialized with port 8080 (http)
2026-02-22T02:44:41.291+06:00  INFO 2764 --- [tickets] [           main] o.apache.catalina.core.StandardService   : Starting service [Tomcat]
2026-02-22T02:44:41.291+06:00  INFO 2764 --- [tickets] [           main] o.apache.catalina.core.StandardEngine    : Starting Servlet engine: [Apache Tomcat/10.1.39]
2026-02-22T02:44:41.355+06:00  INFO 2764 --- [tickets] [           main] o.a.c.c.C.[Tomcat].[localhost].[/]       : Initializing Spring embedded WebApplicationContext
2026-02-22T02:44:41.356+06:00  INFO 2764 --- [tickets] [           main] w.s.c.ServletWebServerApplicationContext : Root WebApplicationContext: initialization completed in 1762 ms
2026-02-22T02:44:41.476+06:00  INFO 2764 --- [tickets] [           main] o.hibernate.jpa.internal.util.LogHelper  : HHH000204: Processing PersistenceUnitInfo [name: default]
2026-02-22T02:44:41.521+06:00  INFO 2764 --- [tickets] [           main] org.hibernate.Version                    : HHH000412: Hibernate ORM core version 6.6.11.Final
2026-02-22T02:44:41.552+06:00  INFO 2764 --- [tickets] [           main] o.h.c.internal.RegionFactoryInitiator    : HHH000026: Second-level cache disabled
2026-02-22T02:44:42.243+06:00  INFO 2764 --- [tickets] [           main] o.s.o.j.p.SpringPersistenceUnitInfo      : No LoadTimeWeaver setup: ignoring JPA class transformer
2026-02-22T02:44:42.271+06:00  INFO 2764 --- [tickets] [           main] com.zaxxer.hikari.HikariDataSource       : HikariPool-1 - Starting...
2026-02-22T02:44:42.461+06:00  INFO 2764 --- [tickets] [           main] com.zaxxer.hikari.pool.HikariPool        : HikariPool-1 - Added connection org.postgresql.jdbc.PgConnection@58b3eb1
2026-02-22T02:44:42.463+06:00  INFO 2764 --- [tickets] [           main] com.zaxxer.hikari.HikariDataSource       : HikariPool-1 - Start completed.
2026-02-22T02:44:42.502+06:00  WARN 2764 --- [tickets] [           main] org.hibernate.orm.deprecation            : HHH90000025: PostgreSQLDialect does not need to be specified explicitly using 'hibernate.dialect' (remove the property setting and it will be selected by default)
2026-02-22T02:44:42.524+06:00  INFO 2764 --- [tickets] [           main] org.hibernate.orm.connections.pooling    : HHH10001005: Database info:
	Database JDBC URL [Connecting through datasource 'HikariDataSource (HikariPool-1)']
	Database driver: undefined/unknown
	Database version: 17.7
	Autocommit mode: undefined/unknown
	Isolation level: undefined/unknown
	Minimum pool size: undefined/unknown
	Maximum pool size: undefined/unknown
2026-02-22T02:44:43.624+06:00  INFO 2764 --- [tickets] [           main] o.h.e.t.j.p.i.JtaPlatformInitiator       : HHH000489: No JTA platform available (set 'hibernate.transaction.jta.platform' to enable JTA platform integration)
2026-02-22T02:44:44.246+06:00  INFO 2764 --- [tickets] [           main] j.LocalContainerEntityManagerFactoryBean : Initialized JPA EntityManagerFactory for persistence unit 'default'
2026-02-22T02:44:44.611+06:00  INFO 2764 --- [tickets] [           main] o.s.d.j.r.query.QueryEnhancerFactory     : Hibernate is in classpath; If applicable, HQL parser will be used.
2026-02-22T02:44:45.041+06:00  WARN 2764 --- [tickets] [           main] JpaBaseConfiguration$JpaWebConfiguration : spring.jpa.open-in-view is enabled by default. Therefore, database queries may be performed during view rendering. Explicitly configure spring.jpa.open-in-view to disable this warning
2026-02-22T02:44:45.547+06:00  WARN 2764 --- [tickets] [           main] ConfigServletWebServerApplicationContext : Exception encountered during context initialization - cancelling refresh attempt: org.springframework.context.ApplicationContextException: Failed to start bean 'webServerStartStop'
2026-02-22T02:44:45.550+06:00  INFO 2764 --- [tickets] [           main] j.LocalContainerEntityManagerFactoryBean : Closing JPA EntityManagerFactory for persistence unit 'default'
2026-02-22T02:44:45.551+06:00  INFO 2764 --- [tickets] [           main] com.zaxxer.hikari.HikariDataSource       : HikariPool-1 - Shutdown initiated...
2026-02-22T02:44:45.555+06:00  INFO 2764 --- [tickets] [           main] com.zaxxer.hikari.HikariDataSource       : HikariPool-1 - Shutdown completed.
2026-02-22T02:44:45.573+06:00  INFO 2764 --- [tickets] [           main] .s.b.a.l.ConditionEvaluationReportLogger : 

Error starting ApplicationContext. To display the condition evaluation report re-run your application with 'debug' enabled.
2026-02-22T02:44:45.590+06:00 ERROR 2764 --- [tickets] [           main] o.s.b.d.LoggingFailureAnalysisReporter   : 

***************************
APPLICATION FAILED TO START
***************************

Description:

Web server failed to start. Port 8080 was already in use.

Action:

Identify and stop the process that's listening on port 8080 or configure this application to listen on another port.

[INFO] ------------------------------------------------------------------------
[INFO] BUILD FAILURE
[INFO] ------------------------------------------------------------------------
[INFO] Total time:  9.307 s
[INFO] Finished at: 2026-02-22T02:44:45+06:00
[INFO] ------------------------------------------------------------------------
[ERROR] Failed to execute goal org.springframework.boot:spring-boot-maven-plugin:3.4.4:run (default-cli) on project tickets: Process terminated with exit code: 1 -> [Help 1]
[ERROR] 
[ERROR] To see the full stack trace of the errors, re-run Maven with the -e switch.
[ERROR] Re-run Maven using the -X switch to enable full debug logging.
[ERROR] 
[ERROR] For more information about the errors and possible solutions, please read the following articles:
[ERROR] [Help 1] http://cwiki.apache.org/confluence/display/MAVEN/MojoExecutionException
